<?xml version="1.0" encoding="UTF-8"?>
<testsuite name="RegisterOfServices.DataComparison" tests="1" skipped="0" failures="1" errors="0" timestamp="2017-10-30T15:45:18" hostname="Danilkina-as" time="3.266">
  <properties/>
  <testcase name="DataComparison" classname="RegisterOfServices.DataComparison" time="3.266">
    <failure message="java.lang.StringIndexOutOfBoundsException: String index out of range: -2" type="java.lang.StringIndexOutOfBoundsException">java.lang.StringIndexOutOfBoundsException: String index out of range: -2
	at java.lang.String.substring(String.java:1931)
	at RegisterOfServices.DataComparison.getDataFromPage(DataComparison.java:32)
	at RegisterOfServices.DataComparison.DataComparison(DataComparison.java:20)
	at sun.reflect.NativeMethodAccessorImpl.invoke0(Native Method)
	at sun.reflect.NativeMethodAccessorImpl.invoke(NativeMethodAccessorImpl.java:62)
	at sun.reflect.DelegatingMethodAccessorImpl.invoke(DelegatingMethodAccessorImpl.java:43)
	at java.lang.reflect.Method.invoke(Method.java:498)
	at org.testng.internal.MethodInvocationHelper.invokeMethod(MethodInvocationHelper.java:108)
	at org.testng.internal.Invoker.invokeMethod(Invoker.java:661)
	at org.testng.internal.Invoker.invokeTestMethod(Invoker.java:869)
	at org.testng.internal.Invoker.invokeTestMethods(Invoker.java:1193)
	at org.testng.internal.TestMethodWorker.invokeTestMethods(TestMethodWorker.java:126)
	at org.testng.internal.TestMethodWorker.run(TestMethodWorker.java:109)
	at org.testng.TestRunner.privateRun(TestRunner.java:744)
	at org.testng.TestRunner.run(TestRunner.java:602)
	at org.testng.SuiteRunner.runTest(SuiteRunner.java:380)
	at org.testng.SuiteRunner.runSequentially(SuiteRunner.java:375)
	at org.testng.SuiteRunner.privateRun(SuiteRunner.java:340)
	at org.testng.SuiteRunner.run(SuiteRunner.java:289)
	at org.testng.SuiteRunnerWorker.runSuite(SuiteRunnerWorker.java:52)
	at org.testng.SuiteRunnerWorker.run(SuiteRunnerWorker.java:86)
	at org.testng.TestNG.runSuitesSequentially(TestNG.java:1301)
	at org.testng.TestNG.runSuitesLocally(TestNG.java:1226)
	at org.testng.TestNG.runSuites(TestNG.java:1144)
	at org.testng.TestNG.run(TestNG.java:1115)
	at org.gradle.api.internal.tasks.testing.testng.TestNGTestClassProcessor.runTests(TestNGTestClassProcessor.java:129)
	at org.gradle.api.internal.tasks.testing.testng.TestNGTestClassProcessor.stop(TestNGTestClassProcessor.java:88)
	at org.gradle.api.internal.tasks.testing.SuiteTestClassProcessor.stop(SuiteTestClassProcessor.java:61)
	at sun.reflect.NativeMethodAccessorImpl.invoke0(Native Method)
	at sun.reflect.NativeMethodAccessorImpl.invoke(NativeMethodAccessorImpl.java:62)
	at sun.reflect.DelegatingMethodAccessorImpl.invoke(DelegatingMethodAccessorImpl.java:43)
	at java.lang.reflect.Method.invoke(Method.java:498)
	at org.gradle.internal.dispatch.ReflectionDispatch.dispatch(ReflectionDispatch.java:35)
	at org.gradle.internal.dispatch.ReflectionDispatch.dispatch(ReflectionDispatch.java:24)
	at org.gradle.internal.dispatch.ContextClassLoaderDispatch.dispatch(ContextClassLoaderDispatch.java:32)
	at org.gradle.internal.dispatch.ProxyDispatchAdapter$DispatchingInvocationHandler.invoke(ProxyDispatchAdapter.java:93)
	at com.sun.proxy.$Proxy2.stop(Unknown Source)
	at org.gradle.api.internal.tasks.testing.worker.TestWorker.stop(TestWorker.java:120)
	at sun.reflect.NativeMethodAccessorImpl.invoke0(Native Method)
	at sun.reflect.NativeMethodAccessorImpl.invoke(NativeMethodAccessorImpl.java:62)
	at sun.reflect.DelegatingMethodAccessorImpl.invoke(DelegatingMethodAccessorImpl.java:43)
	at java.lang.reflect.Method.invoke(Method.java:498)
	at org.gradle.internal.dispatch.ReflectionDispatch.dispatch(ReflectionDispatch.java:35)
	at org.gradle.internal.dispatch.ReflectionDispatch.dispatch(ReflectionDispatch.java:24)
	at org.gradle.internal.remote.internal.hub.MessageHubBackedObjectConnection$DispatchWrapper.dispatch(MessageHubBackedObjectConnection.java:147)
	at org.gradle.internal.remote.internal.hub.MessageHubBackedObjectConnection$DispatchWrapper.dispatch(MessageHubBackedObjectConnection.java:129)
	at org.gradle.internal.remote.internal.hub.MessageHub$Handler.run(MessageHub.java:404)
	at org.gradle.internal.concurrent.ExecutorPolicy$CatchAndRecordFailures.onExecute(ExecutorPolicy.java:63)
	at org.gradle.internal.concurrent.StoppableExecutorImpl$1.run(StoppableExecutorImpl.java:46)
	at java.util.concurrent.ThreadPoolExecutor.runWorker(ThreadPoolExecutor.java:1149)
	at java.util.concurrent.ThreadPoolExecutor$Worker.run(ThreadPoolExecutor.java:624)
	at java.lang.Thread.run(Thread.java:748)
</failure>
  </testcase>
  <system-out><![CDATA[]]></system-out>
  <system-err><![CDATA[1509378319130	Marionette	DEBUG	Canceled page load listener because no navigation has been detected
1509378319439	Marionette	DEBUG	Canceled page load listener because no navigation has been detected
1509378319729	Marionette	DEBUG	Received DOM event "beforeunload" for "http://vm-107-stu-dev.ursip.ru/auth/"
1509378319776	Marionette	DEBUG	Received DOM event "pagehide" for "http://vm-107-stu-dev.ursip.ru/auth/"
1509378319776	Marionette	DEBUG	Received DOM event "unload" for "http://vm-107-stu-dev.ursip.ru/auth/"
1509378319993	Marionette	DEBUG	Received DOM event "DOMContentLoaded" for "http://vm-107-stu-dev.ursip.ru/auth/admin/"
1509378319996	Marionette	DEBUG	Received DOM event "pageshow" for "http://vm-107-stu-dev.ursip.ru/auth/admin/"
JavaScript error: , line 0: TypeError: NetworkError when attempting to fetch resource.
1509378320002	Marionette	DEBUG	Received DOM event "beforeunload" for "http://vm-107-stu-dev.ursip.ru/auth/admin/"
1509378320015	Marionette	DEBUG	Received DOM event "pagehide" for "http://vm-107-stu-dev.ursip.ru/auth/admin/"
1509378320016	Marionette	DEBUG	Received DOM event "unload" for "http://vm-107-stu-dev.ursip.ru/auth/admin/"
1509378320385	Marionette	DEBUG	Received DOM event "DOMContentLoaded" for "http://vm-107-stu-dev.ursip.ru/"
1509378320416	Marionette	DEBUG	Received DOM event "pageshow" for "http://vm-107-stu-dev.ursip.ru/"
1509378320986	Marionette	DEBUG	Canceled page load listener because no navigation has been detected
1509378320997	Marionette	DEBUG	Received DOM event "beforeunload" for "http://vm-107-stu-dev.ursip.ru/"
1509378321044	Marionette	DEBUG	Received DOM event "pagehide" for "http://vm-107-stu-dev.ursip.ru/"
1509378321044	Marionette	DEBUG	Received DOM event "unload" for "http://vm-107-stu-dev.ursip.ru/"
1509378321268	Marionette	DEBUG	Received DOM event "DOMContentLoaded" for "http://vm-107-stu-dev.ursip.ru/"
1509378321272	Marionette	DEBUG	Received DOM event "pageshow" for "http://vm-107-stu-dev.ursip.ru/"
1509378322035	Marionette	DEBUG	Canceled page load listener because no navigation has been detected
]]></system-err>
</testsuite>
