<?xml version="1.0" encoding="UTF-8"?>
<testsuite name="RegisterOfServices.CreateDocument" tests="1" skipped="0" failures="0" errors="0" timestamp="2017-10-30T15:50:29" hostname="Danilkina-as" time="5.285">
  <properties/>
  <testcase name="CreateDocument" classname="RegisterOfServices.CreateDocument" time="5.285"/>
  <system-out><![CDATA[]]></system-out>
  <system-err><![CDATA[1509378629736	Marionette	DEBUG	Canceled page load listener because no navigation has been detected
1509378630020	Marionette	DEBUG	Canceled page load listener because no navigation has been detected
1509378630247	Marionette	DEBUG	Received DOM event "beforeunload" for "http://vm-107-stu-dev.ursip.ru/auth/"
1509378630274	Marionette	DEBUG	Received DOM event "pagehide" for "http://vm-107-stu-dev.ursip.ru/auth/"
1509378630275	Marionette	DEBUG	Received DOM event "unload" for "http://vm-107-stu-dev.ursip.ru/auth/"
1509378630501	Marionette	DEBUG	Received DOM event "DOMContentLoaded" for "http://vm-107-stu-dev.ursip.ru/auth/admin/"
1509378630506	Marionette	DEBUG	Received DOM event "pageshow" for "http://vm-107-stu-dev.ursip.ru/auth/admin/"
1509378630514	Marionette	DEBUG	Received DOM event "beforeunload" for "http://vm-107-stu-dev.ursip.ru/auth/admin/"
JavaScript error: , line 0: TypeError: NetworkError when attempting to fetch resource.
1509378630535	Marionette	DEBUG	Received DOM event "pagehide" for "http://vm-107-stu-dev.ursip.ru/auth/admin/"
1509378630535	Marionette	DEBUG	Received DOM event "unload" for "http://vm-107-stu-dev.ursip.ru/auth/admin/"
1509378630912	Marionette	DEBUG	Received DOM event "DOMContentLoaded" for "http://vm-107-stu-dev.ursip.ru/"
1509378630918	Marionette	DEBUG	Received DOM event "pageshow" for "http://vm-107-stu-dev.ursip.ru/"
1509378631366	Marionette	DEBUG	Canceled page load listener because no navigation has been detected
1509378631388	Marionette	DEBUG	Received DOM event "beforeunload" for "http://vm-107-stu-dev.ursip.ru/"
1509378631439	Marionette	DEBUG	Received DOM event "pagehide" for "http://vm-107-stu-dev.ursip.ru/"
1509378631440	Marionette	DEBUG	Received DOM event "unload" for "http://vm-107-stu-dev.ursip.ru/"
1509378631677	Marionette	DEBUG	Received DOM event "DOMContentLoaded" for "http://vm-107-stu-dev.ursip.ru/"
1509378631682	Marionette	DEBUG	Received DOM event "pageshow" for "http://vm-107-stu-dev.ursip.ru/"
1509378632542	Marionette	DEBUG	Canceled page load listener because no navigation has been detected
1509378633087	Marionette	DEBUG	Canceled page load listener because no navigation has been detected
1509378633614	Marionette	DEBUG	Canceled page load listener because no navigation has been detected
1509378634614	Marionette	DEBUG	Canceled page load listener because no navigation has been detected
]]></system-err>
</testsuite>
