<?xml version="1.0" encoding="UTF-8"?>
<testsuite name="RegisterOfServices.Search" tests="1" skipped="0" failures="0" errors="0" timestamp="2017-10-30T15:51:14" hostname="Danilkina-as" time="8.909">
  <properties/>
  <testcase name="Search" classname="RegisterOfServices.Search" time="8.909"/>
  <system-out><![CDATA[Hibernate: select businessta0_.id as id1_0_, businessta0_.client_contract_date as client_c2_0_, businessta0_.client_contract_number as client_c3_0_, businessta0_.client_contract_price as client_c4_0_, businessta0_.client_name as client_n5_0_, businessta0_.contractor_name as contract6_0_, businessta0_.object_adress as object_a7_0_, businessta0_.object_name as object_n8_0_, businessta0_.responsible_name as responsi9_0_, businessta0_.work_type as work_ty10_0_ from business businessta0_ where businessta0_.id in (? , ? , ? , ? , ? , ? , ? , ? , ? , ? , ? , ? , ? , ? , ? , ? , ? , ? , ? , ? , ? , ? , ? , ? , ? , ? , ? , ? , ? , ? , ? , ? , ? , ? , ? , ? , ? , ? , ? , ? , ? , ? , ? , ? , ?)
Hibernate: select businessta0_.id as id1_0_, businessta0_.client_contract_date as client_c2_0_, businessta0_.client_contract_number as client_c3_0_, businessta0_.client_contract_price as client_c4_0_, businessta0_.client_name as client_n5_0_, businessta0_.contractor_name as contract6_0_, businessta0_.object_adress as object_a7_0_, businessta0_.object_name as object_n8_0_, businessta0_.responsible_name as responsi9_0_, businessta0_.work_type as work_ty10_0_ from business businessta0_ where businessta0_.id in (? , ? , ? , ? , ? , ? , ?)
]]></system-out>
  <system-err><![CDATA[1509378674843	Marionette	DEBUG	Canceled page load listener because no navigation has been detected
1509378675119	Marionette	DEBUG	Canceled page load listener because no navigation has been detected
1509378675401	Marionette	DEBUG	Received DOM event "beforeunload" for "http://vm-107-stu-dev.ursip.ru/auth/"
1509378675501	Marionette	DEBUG	Received DOM event "pagehide" for "http://vm-107-stu-dev.ursip.ru/auth/"
1509378675501	Marionette	DEBUG	Received DOM event "unload" for "http://vm-107-stu-dev.ursip.ru/auth/"
1509378675718	Marionette	DEBUG	Received DOM event "DOMContentLoaded" for "http://vm-107-stu-dev.ursip.ru/auth/admin/"
1509378675719	Marionette	DEBUG	Received DOM event "pageshow" for "http://vm-107-stu-dev.ursip.ru/auth/admin/"
1509378675726	Marionette	DEBUG	Received DOM event "beforeunload" for "http://vm-107-stu-dev.ursip.ru/auth/admin/"
JavaScript error: , line 0: TypeError: NetworkError when attempting to fetch resource.
1509378675736	Marionette	DEBUG	Received DOM event "pagehide" for "http://vm-107-stu-dev.ursip.ru/auth/admin/"
1509378675736	Marionette	DEBUG	Received DOM event "unload" for "http://vm-107-stu-dev.ursip.ru/auth/admin/"
1509378676184	Marionette	DEBUG	Received DOM event "DOMContentLoaded" for "http://vm-107-stu-dev.ursip.ru/"
1509378676192	Marionette	DEBUG	Received DOM event "pageshow" for "http://vm-107-stu-dev.ursip.ru/"
1509378676789	Marionette	DEBUG	Canceled page load listener because no navigation has been detected
1509378678670	Marionette	DEBUG	Canceled page load listener because no navigation has been detected
1509378678888	Marionette	DEBUG	Canceled page load listener because no navigation has been detected
1509378679232	Marionette	DEBUG	Canceled page load listener because no navigation has been detected
1509378680306	Marionette	DEBUG	Canceled page load listener because no navigation has been detected
1509378680536	Marionette	DEBUG	Canceled page load listener because no navigation has been detected
1509378680852	Marionette	DEBUG	Canceled page load listener because no navigation has been detected
1509378682877	Marionette	DEBUG	Canceled page load listener because no navigation has been detected
1509378683093	Marionette	DEBUG	Canceled page load listener because no navigation has been detected
1509378683359	Marionette	DEBUG	Canceled page load listener because no navigation has been detected
]]></system-err>
</testsuite>
