<?xml version="1.0" encoding="UTF-8"?>
<testsuite name="RegisterOfServices.TestAuthorization" tests="1" skipped="0" failures="0" errors="0" timestamp="2017-10-30T15:44:45" hostname="Danilkina-as" time="2.457">
  <properties/>
  <testcase name="TestAuthorization" classname="RegisterOfServices.TestAuthorization" time="2.457"/>
  <system-out><![CDATA[]]></system-out>
  <system-err><![CDATA[1509378285987	Marionette	DEBUG	Canceled page load listener because no navigation has been detected
1509378286315	Marionette	DEBUG	Canceled page load listener because no navigation has been detected
1509378286569	Marionette	DEBUG	Received DOM event "beforeunload" for "http://vm-107-stu-dev.ursip.ru/auth/"
1509378286646	Marionette	DEBUG	Received DOM event "pagehide" for "http://vm-107-stu-dev.ursip.ru/auth/"
1509378286646	Marionette	DEBUG	Received DOM event "unload" for "http://vm-107-stu-dev.ursip.ru/auth/"
1509378286871	Marionette	DEBUG	Received DOM event "DOMContentLoaded" for "http://vm-107-stu-dev.ursip.ru/auth/admin/"
1509378286896	Marionette	DEBUG	Received DOM event "pageshow" for "http://vm-107-stu-dev.ursip.ru/auth/admin/"
1509378286929	Marionette	DEBUG	Received DOM event "beforeunload" for "http://vm-107-stu-dev.ursip.ru/auth/admin/"
JavaScript error: , line 0: TypeError: NetworkError when attempting to fetch resource.
1509378286981	Marionette	DEBUG	Received DOM event "pagehide" for "http://vm-107-stu-dev.ursip.ru/auth/admin/"
1509378286981	Marionette	DEBUG	Received DOM event "unload" for "http://vm-107-stu-dev.ursip.ru/auth/admin/"
1509378287554	Marionette	DEBUG	Received DOM event "DOMContentLoaded" for "http://vm-107-stu-dev.ursip.ru/"
1509378287561	Marionette	DEBUG	Received DOM event "pageshow" for "http://vm-107-stu-dev.ursip.ru/"
1509378288089	Marionette	DEBUG	Canceled page load listener because no navigation has been detected
]]></system-err>
</testsuite>
