<?xml version="1.0" encoding="UTF-8"?>
<testsuite name="RegisterOfServices.TestAuthorization" tests="1" skipped="0" failures="0" errors="0" timestamp="2017-10-30T15:50:21" hostname="Danilkina-as" time="2.447">
  <properties/>
  <testcase name="TestAuthorization" classname="RegisterOfServices.TestAuthorization" time="2.447"/>
  <system-out><![CDATA[]]></system-out>
  <system-err><![CDATA[1509378621636	Marionette	DEBUG	Canceled page load listener because no navigation has been detected
1509378621917	Marionette	DEBUG	Canceled page load listener because no navigation has been detected
1509378622198	Marionette	DEBUG	Received DOM event "beforeunload" for "http://vm-107-stu-dev.ursip.ru/auth/"
1509378622299	Marionette	DEBUG	Received DOM event "pagehide" for "http://vm-107-stu-dev.ursip.ru/auth/"
1509378622300	Marionette	DEBUG	Received DOM event "unload" for "http://vm-107-stu-dev.ursip.ru/auth/"
1509378622512	Marionette	DEBUG	Received DOM event "DOMContentLoaded" for "http://vm-107-stu-dev.ursip.ru/auth/admin/"
1509378622517	Marionette	DEBUG	Received DOM event "pageshow" for "http://vm-107-stu-dev.ursip.ru/auth/admin/"
1509378622524	Marionette	DEBUG	Received DOM event "beforeunload" for "http://vm-107-stu-dev.ursip.ru/auth/admin/"
JavaScript error: , line 0: TypeError: NetworkError when attempting to fetch resource.
1509378622533	Marionette	DEBUG	Received DOM event "pagehide" for "http://vm-107-stu-dev.ursip.ru/auth/admin/"
1509378622533	Marionette	DEBUG	Received DOM event "unload" for "http://vm-107-stu-dev.ursip.ru/auth/admin/"
1509378622900	Marionette	DEBUG	Received DOM event "DOMContentLoaded" for "http://vm-107-stu-dev.ursip.ru/"
1509378622907	Marionette	DEBUG	Received DOM event "pageshow" for "http://vm-107-stu-dev.ursip.ru/"
1509378623237	Marionette	DEBUG	Canceled page load listener because no navigation has been detected
]]></system-err>
</testsuite>
