<?xml version="1.0" encoding="UTF-8"?>
<testsuite name="test1" tests="1" skipped="0" failures="0" errors="0" timestamp="2017-10-05T08:40:22" hostname="Danilkina-as" time="0.0">
  <properties/>
  <testcase name="main" classname="test1" time="0.0"/>
  <system-out><![CDATA[admin
]]></system-out>
  <system-err><![CDATA[]]></system-err>
</testsuite>
