<?xml version="1.0" encoding="UTF-8"?>
<testsuite name="TestAuthorizationNew" tests="2" skipped="0" failures="0" errors="0" timestamp="2017-10-12T16:52:01" hostname="Danilkina-as" time="15.99">
  <properties/>
  <testcase name="TestAuthorizationNew" classname="TestAuthorizationNew" time="2.286"/>
  <testcase name="TestAuthorizationNew" classname="TestAuthorizationNew" time="1.492"/>
  <system-out><![CDATA[]]></system-out>
  <system-err><![CDATA[1507827122106	Marionette	DEBUG	Canceled page load listener because no navigation has been detected
1507827122500	Marionette	DEBUG	Canceled page load listener because no navigation has been detected
1507827122778	Marionette	DEBUG	Canceled page load listener because no navigation has been detected
1507827136434	Marionette	DEBUG	Canceled page load listener because no navigation has been detected
1507827136719	Marionette	DEBUG	Canceled page load listener because no navigation has been detected
1507827136983	Marionette	DEBUG	Canceled page load listener because no navigation has been detected
]]></system-err>
</testsuite>
