<?xml version="1.0" encoding="UTF-8"?>
<testsuite name="RegisterOfServices.Search" tests="1" skipped="0" failures="0" errors="0" timestamp="2017-11-09T07:44:27" hostname="Danilkina-as" time="11.003">
  <properties/>
  <testcase name="Search" classname="RegisterOfServices.Search" time="11.003"/>
  <system-out><![CDATA[Hibernate: select businessta0_.id as id1_0_, businessta0_.client_contract_date as client_c2_0_, businessta0_.client_contract_number as client_c3_0_, businessta0_.client_contract_price as client_c4_0_, businessta0_.client_name as client_n5_0_, businessta0_.contractor_name as contract6_0_, businessta0_.object_adress as object_a7_0_, businessta0_.object_name as object_n8_0_, businessta0_.responsible_name as responsi9_0_, businessta0_.work_type as work_ty10_0_ from business businessta0_ where businessta0_.id in (? , ? , ? , ? , ? , ? , ? , ? , ? , ? , ? , ? , ? , ? , ? , ? , ? , ? , ? , ? , ? , ? , ? , ? , ? , ? , ? , ? , ? , ? , ? , ? , ? , ? , ? , ? , ? , ? , ? , ? , ? , ? , ? , ? , ? , ?)
]]></system-out>
  <system-err><![CDATA[1510213467953	Marionette	DEBUG	Canceled page load listener because no navigation has been detected
1510213468235	Marionette	DEBUG	Canceled page load listener because no navigation has been detected
1510213468500	Marionette	DEBUG	Canceled page load listener because no navigation has been detected
1510213469197	Marionette	DEBUG	Received DOM event "beforeunload" for "http://vm-107-stu-dev.ursip.ru/auth/admin/"
1510213469207	Marionette	DEBUG	Received DOM event "pagehide" for "http://vm-107-stu-dev.ursip.ru/auth/admin/"
1510213469207	Marionette	DEBUG	Received DOM event "unload" for "http://vm-107-stu-dev.ursip.ru/auth/admin/"
1510213469573	Marionette	DEBUG	Received DOM event "DOMContentLoaded" for "http://vm-107-stu-dev.ursip.ru/"
1510213469580	Marionette	DEBUG	Received DOM event "pageshow" for "http://vm-107-stu-dev.ursip.ru/"
1510213470069	Marionette	DEBUG	Canceled page load listener because no navigation has been detected
1510213474849	Marionette	DEBUG	Canceled page load listener because no navigation has been detected
1510213475107	Marionette	DEBUG	Canceled page load listener because no navigation has been detected
1510213475329	Marionette	DEBUG	Canceled page load listener because no navigation has been detected
1510213475681	Marionette	DEBUG	Canceled page load listener because no navigation has been detected
1510213477436	Marionette	DEBUG	Canceled page load listener because no navigation has been detected
1510213477719	Marionette	DEBUG	Canceled page load listener because no navigation has been detected
1510213477995	Marionette	DEBUG	Canceled page load listener because no navigation has been detected
]]></system-err>
</testsuite>
