<?xml version="1.0" encoding="UTF-8"?>
<testsuite name="TestAuthorizationNewSuccess" tests="1" skipped="0" failures="0" errors="0" timestamp="2017-10-13T07:29:07" hostname="Danilkina-as" time="0.795">
  <properties/>
  <testcase name="TestAuthorizationNewSuccess" classname="TestAuthorizationNewSuccess" time="0.795"/>
  <system-out><![CDATA[]]></system-out>
  <system-err><![CDATA[1507879747634	Marionette	DEBUG	Canceled page load listener because no navigation has been detected
1507879747915	Marionette	DEBUG	Canceled page load listener because no navigation has been detected
1507879748177	Marionette	DEBUG	Canceled page load listener because no navigation has been detected
]]></system-err>
</testsuite>
